c:\users\user\source\repos\casinogame\release\casinogame.ipdb
c:\users\user\source\repos\casinogame\release\casinogame.iobj
c:\users\user\source\repos\casinogame\release\vc142.pdb
c:\users\user\source\repos\casinogame\release\sound.obj
c:\users\user\source\repos\casinogame\release\poker.obj
c:\users\user\source\repos\casinogame\release\player.obj
c:\users\user\source\repos\casinogame\release\main.obj
c:\users\user\source\repos\casinogame\release\hand.obj
c:\users\user\source\repos\casinogame\release\game.obj
c:\users\user\source\repos\casinogame\release\deck.obj
c:\users\user\source\repos\casinogame\release\dealer.obj
c:\users\user\source\repos\casinogame\release\console.obj
c:\users\user\source\repos\casinogame\release\casino.obj
c:\users\user\source\repos\casinogame\release\card.obj
c:\users\user\source\repos\casinogame\release\blackjack.obj
c:\users\user\source\repos\casinogame\release\casinogame.exe
c:\users\user\source\repos\casinogame\release\casinogame.pdb
c:\users\user\source\repos\casinogame\release\casinogame.res
c:\users\user\source\repos\casinogame\release\casinogame.tlog\casinogame.write.1u.tlog
c:\users\user\source\repos\casinogame\release\casinogame.tlog\cl.command.1.tlog
c:\users\user\source\repos\casinogame\release\casinogame.tlog\cl.read.1.tlog
c:\users\user\source\repos\casinogame\release\casinogame.tlog\cl.write.1.tlog
c:\users\user\source\repos\casinogame\release\casinogame.tlog\link.command.1.tlog
c:\users\user\source\repos\casinogame\release\casinogame.tlog\link.read.1.tlog
c:\users\user\source\repos\casinogame\release\casinogame.tlog\link.write.1.tlog
c:\users\user\source\repos\casinogame\release\casinogame.tlog\rc.command.1.tlog
c:\users\user\source\repos\casinogame\release\casinogame.tlog\rc.read.1.tlog
c:\users\user\source\repos\casinogame\release\casinogame.tlog\rc.write.1.tlog
